<?xml version="1.0" encoding="UTF-8"?>
<!-- Generated by org.testng.reporters.JUnitReportReporter -->
<testsuite hostname="nb-hdu" failures="0" tests="1" name="hdespresso.AccessibilityTest" time="1.647" errors="0" timestamp="2024-01-10T23:51:56 CET" skipped="0">
  <testcase classname="hdespresso.AccessibilityTest" name="accessibilityTest" time="1.647"/>
</testsuite> <!-- hdespresso.AccessibilityTest -->
