<?xml version="1.0" encoding="UTF-8"?>
<testsuite xmlns:xsi="http://www.w3.org/2001/XMLSchema-instance" xsi:noNamespaceSchemaLocation="https://maven.apache.org/surefire/maven-surefire-plugin/xsd/surefire-test-report.xsd" name="TestSuite" time="20.195" tests="89" errors="0" skipped="0" failures="0">
  <properties>
    <property name="java.specification.version" value="17"/>
    <property name="sun.cpu.isalist" value="amd64"/>
    <property name="sun.jnu.encoding" value="Cp1252"/>
    <property name="java.class.path" value="C:\Users\hdu\eclipse\Espresso\target\test-classes;C:\Users\hdu\eclipse\Espresso\target\classes;C:\Users\hdu\.m2\repository\junit\junit\4.11\junit-4.11.jar;C:\Users\hdu\.m2\repository\org\hamcrest\hamcrest-core\1.3\hamcrest-core-1.3.jar;C:\Users\hdu\.m2\repository\io\appium\java-client\8.5.1\java-client-8.5.1.jar;C:\Users\hdu\.m2\repository\org\seleniumhq\selenium\selenium-api\4.16.1\selenium-api-4.16.1.jar;C:\Users\hdu\.m2\repository\org\seleniumhq\selenium\selenium-support\4.16.1\selenium-support-4.16.1.jar;C:\Users\hdu\.m2\repository\com\google\code\gson\gson\2.10.1\gson-2.10.1.jar;C:\Users\hdu\.m2\repository\commons-validator\commons-validator\1.7\commons-validator-1.7.jar;C:\Users\hdu\.m2\repository\commons-beanutils\commons-beanutils\1.9.4\commons-beanutils-1.9.4.jar;C:\Users\hdu\.m2\repository\commons-digester\commons-digester\2.1\commons-digester-2.1.jar;C:\Users\hdu\.m2\repository\commons-logging\commons-logging\1.2\commons-logging-1.2.jar;C:\Users\hdu\.m2\repository\commons-collections\commons-collections\3.2.2\commons-collections-3.2.2.jar;C:\Users\hdu\.m2\repository\org\apache\commons\commons-lang3\3.12.0\commons-lang3-3.12.0.jar;C:\Users\hdu\.m2\repository\commons-io\commons-io\2.12.0\commons-io-2.12.0.jar;C:\Users\hdu\.m2\repository\org\slf4j\slf4j-api\2.0.7\slf4j-api-2.0.7.jar;C:\Users\hdu\.m2\repository\org\testng\testng\7.8.0\testng-7.8.0.jar;C:\Users\hdu\.m2\repository\com\beust\jcommander\1.82\jcommander-1.82.jar;C:\Users\hdu\.m2\repository\org\webjars\jquery\3.6.1\jquery-3.6.1.jar;C:\Users\hdu\.m2\repository\com\deque\android\axe-devtools-android-data\5.0.0\axe-devtools-android-data-5.0.0.jar;C:\Users\hdu\.m2\repository\org\jetbrains\kotlin\kotlin-stdlib-jdk8\1.9.10\kotlin-stdlib-jdk8-1.9.10.jar;C:\Users\hdu\.m2\repository\org\jetbrains\kotlin\kotlin-stdlib-jdk7\1.9.10\kotlin-stdlib-jdk7-1.9.10.jar;C:\Users\hdu\.m2\repository\org\jetbrains\kotlin\kotlin-reflect\1.9.10\kotlin-reflect-1.9.10.jar;C:\Users\hdu\.m2\repository\com\squareup\retrofit2\retrofit\2.9.0\retrofit-2.9.0.jar;C:\Users\hdu\.m2\repository\com\squareup\okhttp3\okhttp\3.14.9\okhttp-3.14.9.jar;C:\Users\hdu\.m2\repository\com\squareup\retrofit2\converter-moshi\2.9.0\converter-moshi-2.9.0.jar;C:\Users\hdu\.m2\repository\com\squareup\retrofit2\converter-scalars\2.9.0\converter-scalars-2.9.0.jar;C:\Users\hdu\.m2\repository\com\squareup\moshi\moshi\1.15.0\moshi-1.15.0.jar;C:\Users\hdu\.m2\repository\com\squareup\okio\okio\2.10.0\okio-2.10.0.jar;C:\Users\hdu\.m2\repository\com\squareup\moshi\moshi-kotlin\1.15.0\moshi-kotlin-1.15.0.jar;C:\Users\hdu\.m2\repository\org\jetbrains\kotlinx\kotlinx-coroutines-core-jvm\1.7.1\kotlinx-coroutines-core-jvm-1.7.1.jar;C:\Users\hdu\.m2\repository\org\jetbrains\kotlin\kotlin-stdlib-common\1.8.20\kotlin-stdlib-common-1.8.20.jar;C:\Users\hdu\.m2\repository\com\deque\android\axe-devtools-android-analytics\5.0.0\axe-devtools-android-analytics-5.0.0.jar;C:\Users\hdu\.m2\repository\com\deque\android\axe-devtools-android-core\3.2.0\axe-devtools-android-core-3.2.0.jar;C:\Users\hdu\.m2\repository\org\jetbrains\kotlin\kotlin-stdlib\1.5.31\kotlin-stdlib-1.5.31.jar;C:\Users\hdu\.m2\repository\org\apache\httpcomponents\httpclient\4.5.10\httpclient-4.5.10.jar;C:\Users\hdu\.m2\repository\org\apache\httpcomponents\httpcore\4.4.12\httpcore-4.4.12.jar;C:\Users\hdu\.m2\repository\commons-codec\commons-codec\1.11\commons-codec-1.11.jar;C:\Users\hdu\.m2\repository\com\squareup\okhttp3\logging-interceptor\4.10.0\logging-interceptor-4.10.0.jar;C:\Users\hdu\.m2\repository\com\deque\android\axe-devtools-android-results\5.0.0\axe-devtools-android-results-5.0.0.jar;C:\Users\hdu\.m2\repository\com\deque\android\axe-devtools-android-dashboard-auth\5.0.0\axe-devtools-android-dashboard-auth-5.0.0.jar;C:\Users\hdu\.m2\repository\org\jetbrains\annotations\24.1.0\annotations-24.1.0.jar;C:\Users\hdu\.m2\repository\org\seleniumhq\selenium\selenium-java\4.8.1\selenium-java-4.8.1.jar;C:\Users\hdu\.m2\repository\org\seleniumhq\selenium\selenium-chrome-driver\4.8.1\selenium-chrome-driver-4.8.1.jar;C:\Users\hdu\.m2\repository\com\google\auto\service\auto-service\1.0.1\auto-service-1.0.1.jar;C:\Users\hdu\.m2\repository\com\google\auto\auto-common\1.2\auto-common-1.2.jar;C:\Users\hdu\.m2\repository\org\seleniumhq\selenium\selenium-chromium-driver\4.8.1\selenium-chromium-driver-4.8.1.jar;C:\Users\hdu\.m2\repository\org\seleniumhq\selenium\selenium-devtools-v108\4.8.1\selenium-devtools-v108-4.8.1.jar;C:\Users\hdu\.m2\repository\org\seleniumhq\selenium\selenium-devtools-v109\4.8.1\selenium-devtools-v109-4.8.1.jar;C:\Users\hdu\.m2\repository\org\seleniumhq\selenium\selenium-devtools-v110\4.8.1\selenium-devtools-v110-4.8.1.jar;C:\Users\hdu\.m2\repository\org\seleniumhq\selenium\selenium-devtools-v85\4.8.1\selenium-devtools-v85-4.8.1.jar;C:\Users\hdu\.m2\repository\org\seleniumhq\selenium\selenium-edge-driver\4.8.1\selenium-edge-driver-4.8.1.jar;C:\Users\hdu\.m2\repository\org\seleniumhq\selenium\selenium-firefox-driver\4.8.1\selenium-firefox-driver-4.8.1.jar;C:\Users\hdu\.m2\repository\org\seleniumhq\selenium\selenium-ie-driver\4.8.1\selenium-ie-driver-4.8.1.jar;C:\Users\hdu\.m2\repository\org\seleniumhq\selenium\selenium-safari-driver\4.8.1\selenium-safari-driver-4.8.1.jar;C:\Users\hdu\.m2\repository\org\seleniumhq\selenium\selenium-remote-driver\4.13.0\selenium-remote-driver-4.13.0.jar;C:\Users\hdu\.m2\repository\com\google\auto\service\auto-service-annotations\1.1.1\auto-service-annotations-1.1.1.jar;C:\Users\hdu\.m2\repository\com\google\guava\guava\32.1.2-jre\guava-32.1.2-jre.jar;C:\Users\hdu\.m2\repository\com\google\guava\failureaccess\1.0.1\failureaccess-1.0.1.jar;C:\Users\hdu\.m2\repository\com\google\guava\listenablefuture\9999.0-empty-to-avoid-conflict-with-guava\listenablefuture-9999.0-empty-to-avoid-conflict-with-guava.jar;C:\Users\hdu\.m2\repository\com\google\code\findbugs\jsr305\3.0.2\jsr305-3.0.2.jar;C:\Users\hdu\.m2\repository\org\checkerframework\checker-qual\3.33.0\checker-qual-3.33.0.jar;C:\Users\hdu\.m2\repository\com\google\errorprone\error_prone_annotations\2.18.0\error_prone_annotations-2.18.0.jar;C:\Users\hdu\.m2\repository\com\google\j2objc\j2objc-annotations\2.8\j2objc-annotations-2.8.jar;C:\Users\hdu\.m2\repository\io\netty\netty-buffer\4.1.96.Final\netty-buffer-4.1.96.Final.jar;C:\Users\hdu\.m2\repository\io\netty\netty-codec-http\4.1.96.Final\netty-codec-http-4.1.96.Final.jar;C:\Users\hdu\.m2\repository\io\netty\netty-codec\4.1.96.Final\netty-codec-4.1.96.Final.jar;C:\Users\hdu\.m2\repository\io\netty\netty-handler\4.1.96.Final\netty-handler-4.1.96.Final.jar;C:\Users\hdu\.m2\repository\io\netty\netty-common\4.1.96.Final\netty-common-4.1.96.Final.jar;C:\Users\hdu\.m2\repository\io\netty\netty-transport-classes-epoll\4.1.96.Final\netty-transport-classes-epoll-4.1.96.Final.jar;C:\Users\hdu\.m2\repository\io\netty\netty-transport-classes-kqueue\4.1.96.Final\netty-transport-classes-kqueue-4.1.96.Final.jar;C:\Users\hdu\.m2\repository\io\netty\netty-transport-native-epoll\4.1.96.Final\netty-transport-native-epoll-4.1.96.Final.jar;C:\Users\hdu\.m2\repository\io\netty\netty-transport-native-kqueue\4.1.96.Final\netty-transport-native-kqueue-4.1.96.Final.jar;C:\Users\hdu\.m2\repository\io\netty\netty-transport-native-unix-common\4.1.96.Final\netty-transport-native-unix-common-4.1.96.Final.jar;C:\Users\hdu\.m2\repository\io\netty\netty-transport\4.1.96.Final\netty-transport-4.1.96.Final.jar;C:\Users\hdu\.m2\repository\io\netty\netty-resolver\4.1.96.Final\netty-resolver-4.1.96.Final.jar;C:\Users\hdu\.m2\repository\io\opentelemetry\opentelemetry-api\1.28.0\opentelemetry-api-1.28.0.jar;C:\Users\hdu\.m2\repository\io\opentelemetry\opentelemetry-context\1.28.0\opentelemetry-context-1.28.0.jar;C:\Users\hdu\.m2\repository\io\opentelemetry\opentelemetry-exporter-logging\1.28.0\opentelemetry-exporter-logging-1.28.0.jar;C:\Users\hdu\.m2\repository\io\opentelemetry\opentelemetry-sdk-metrics\1.28.0\opentelemetry-sdk-metrics-1.28.0.jar;C:\Users\hdu\.m2\repository\io\opentelemetry\opentelemetry-extension-incubator\1.28.0-alpha\opentelemetry-extension-incubator-1.28.0-alpha.jar;C:\Users\hdu\.m2\repository\io\opentelemetry\opentelemetry-sdk-logs\1.28.0\opentelemetry-sdk-logs-1.28.0.jar;C:\Users\hdu\.m2\repository\io\opentelemetry\opentelemetry-sdk-common\1.28.0\opentelemetry-sdk-common-1.28.0.jar;C:\Users\hdu\.m2\repository\io\opentelemetry\opentelemetry-sdk-extension-autoconfigure-spi\1.28.0\opentelemetry-sdk-extension-autoconfigure-spi-1.28.0.jar;C:\Users\hdu\.m2\repository\io\opentelemetry\opentelemetry-sdk-extension-autoconfigure\1.28.0\opentelemetry-sdk-extension-autoconfigure-1.28.0.jar;C:\Users\hdu\.m2\repository\io\opentelemetry\opentelemetry-api-events\1.28.0-alpha\opentelemetry-api-events-1.28.0-alpha.jar;C:\Users\hdu\.m2\repository\io\opentelemetry\opentelemetry-sdk-trace\1.28.0\opentelemetry-sdk-trace-1.28.0.jar;C:\Users\hdu\.m2\repository\io\opentelemetry\opentelemetry-sdk\1.28.0\opentelemetry-sdk-1.28.0.jar;C:\Users\hdu\.m2\repository\io\opentelemetry\opentelemetry-semconv\1.28.0-alpha\opentelemetry-semconv-1.28.0-alpha.jar;C:\Users\hdu\.m2\repository\net\bytebuddy\byte-buddy\1.14.5\byte-buddy-1.14.5.jar;C:\Users\hdu\.m2\repository\org\asynchttpclient\async-http-client\2.12.3\async-http-client-2.12.3.jar;C:\Users\hdu\.m2\repository\org\asynchttpclient\async-http-client-netty-utils\2.12.3\async-http-client-netty-utils-2.12.3.jar;C:\Users\hdu\.m2\repository\io\netty\netty-codec-socks\4.1.60.Final\netty-codec-socks-4.1.60.Final.jar;C:\Users\hdu\.m2\repository\io\netty\netty-handler-proxy\4.1.60.Final\netty-handler-proxy-4.1.60.Final.jar;C:\Users\hdu\.m2\repository\io\netty\netty-transport-native-epoll\4.1.60.Final\netty-transport-native-epoll-4.1.60.Final-linux-x86_64.jar;C:\Users\hdu\.m2\repository\io\netty\netty-transport-native-kqueue\4.1.60.Final\netty-transport-native-kqueue-4.1.60.Final-osx-x86_64.jar;C:\Users\hdu\.m2\repository\org\reactivestreams\reactive-streams\1.0.3\reactive-streams-1.0.3.jar;C:\Users\hdu\.m2\repository\com\typesafe\netty\netty-reactive-streams\2.0.4\netty-reactive-streams-2.0.4.jar;C:\Users\hdu\.m2\repository\com\sun\activation\jakarta.activation\1.2.2\jakarta.activation-1.2.2.jar;C:\Users\hdu\.m2\repository\org\seleniumhq\selenium\selenium-http\4.13.0\selenium-http-4.13.0.jar;C:\Users\hdu\.m2\repository\dev\failsafe\failsafe\3.3.2\failsafe-3.3.2.jar;C:\Users\hdu\.m2\repository\org\seleniumhq\selenium\selenium-json\4.13.0\selenium-json-4.13.0.jar;C:\Users\hdu\.m2\repository\org\seleniumhq\selenium\selenium-manager\4.13.0\selenium-manager-4.13.0.jar;C:\Users\hdu\.m2\repository\org\seleniumhq\selenium\selenium-os\4.13.0\selenium-os-4.13.0.jar;C:\Users\hdu\.m2\repository\org\apache\commons\commons-exec\1.3\commons-exec-1.3.jar;C:\Users\hdu\.m2\repository\com\deque\html\axe-core\selenium\4.6.0\selenium-4.6.0.jar;C:\Users\hdu\.m2\repository\io\github\bonigarcia\webdrivermanager\5.3.1\webdrivermanager-5.3.1.jar;C:\Users\hdu\.m2\repository\com\github\docker-java\docker-java\3.2.13\docker-java-3.2.13.jar;C:\Users\hdu\.m2\repository\com\github\docker-java\docker-java-core\3.2.13\docker-java-core-3.2.13.jar;C:\Users\hdu\.m2\repository\com\github\docker-java\docker-java-api\3.2.13\docker-java-api-3.2.13.jar;C:\Users\hdu\.m2\repository\org\apache\commons\commons-compress\1.21\commons-compress-1.21.jar;C:\Users\hdu\.m2\repository\org\bouncycastle\bcpkix-jdk15on\1.64\bcpkix-jdk15on-1.64.jar;C:\Users\hdu\.m2\repository\org\bouncycastle\bcprov-jdk15on\1.64\bcprov-jdk15on-1.64.jar;C:\Users\hdu\.m2\repository\org\slf4j\jcl-over-slf4j\1.7.30\jcl-over-slf4j-1.7.30.jar;C:\Users\hdu\.m2\repository\com\github\docker-java\docker-java-transport-httpclient5\3.2.13\docker-java-transport-httpclient5-3.2.13.jar;C:\Users\hdu\.m2\repository\com\github\docker-java\docker-java-transport\3.2.13\docker-java-transport-3.2.13.jar;C:\Users\hdu\.m2\repository\net\java\dev\jna\jna\5.8.0\jna-5.8.0.jar;C:\Users\hdu\.m2\repository\org\brotli\dec\0.1.2\dec-0.1.2.jar;C:\Users\hdu\.m2\repository\org\apache\httpcomponents\client5\httpclient5\5.1.3\httpclient5-5.1.3.jar;C:\Users\hdu\.m2\repository\org\apache\httpcomponents\core5\httpcore5\5.1.3\httpcore5-5.1.3.jar;C:\Users\hdu\.m2\repository\org\apache\httpcomponents\core5\httpcore5-h2\5.1.3\httpcore5-h2-5.1.3.jar;C:\Users\hdu\.m2\repository\com\fasterxml\jackson\core\jackson-databind\2.14.1\jackson-databind-2.14.1.jar;C:\Users\hdu\.m2\repository\com\fasterxml\jackson\core\jackson-annotations\2.14.1\jackson-annotations-2.14.1.jar;C:\Users\hdu\.m2\repository\com\fasterxml\jackson\core\jackson-core\2.14.1\jackson-core-2.14.1.jar;C:\Users\hdu\.m2\repository\com\deque\html\axe-core\dequeutilites\4.6.0\dequeutilites-4.6.0.jar;C:\Users\hdu\.m2\repository\com\android\support\support-annotations\28.0.0\support-annotations-28.0.0.jar;C:\Users\hdu\.m2\repository\org\mockito\mockito-core\5.8.0\mockito-core-5.8.0.jar;C:\Users\hdu\.m2\repository\net\bytebuddy\byte-buddy-agent\1.14.10\byte-buddy-agent-1.14.10.jar;C:\Users\hdu\.m2\repository\org\objenesis\objenesis\3.3\objenesis-3.3.jar;C:\Users\hdu\.m2\repository\ar\com\hjg\pngj\2.1.0\pngj-2.1.0.jar;C:\Users\hdu\.m2\repository\androidx\annotation\annotation\1.7.0\annotation-1.7.0.jar;C:\Users\hdu\.m2\repository\androidx\annotation\annotation-jvm\1.7.0\annotation-jvm-1.7.0.jar;"/>
    <property name="java.vm.vendor" value="Eclipse Adoptium"/>
    <property name="sun.arch.data.model" value="64"/>
    <property name="user.variant" value=""/>
    <property name="java.vendor.url" value="https://adoptium.net/"/>
    <property name="user.timezone" value="Europe/Berlin"/>
    <property name="user.country.format" value="GG"/>
    <property name="os.name" value="Windows 10"/>
    <property name="java.vm.specification.version" value="17"/>
    <property name="sun.java.launcher" value="SUN_STANDARD"/>
    <property name="user.country" value="GB"/>
    <property name="sun.boot.library.path" value="C:\Users\hdu\Downloads\eclipse-java-2022-09-R-win32-x86_64\eclipse\plugins\org.eclipse.justj.openjdk.hotspot.jre.full.win32.x86_64_17.0.4.v20220903-1038\jre\bin"/>
    <property name="sun.java.command" value="C:\Users\hdu\AppData\Local\Temp\surefire15344657788449070950\surefirebooter2581263262710579278.jar C:\Users\hdu\AppData\Local\Temp\surefire15344657788449070950 2024-01-10T23-51-44_794-jvmRun1 surefire16969843137352780110tmp surefire_018408095232627344862tmp"/>
    <property name="jdk.debug" value="release"/>
    <property name="surefire.test.class.path" value="C:\Users\hdu\eclipse\Espresso\target\test-classes;C:\Users\hdu\eclipse\Espresso\target\classes;C:\Users\hdu\.m2\repository\junit\junit\4.11\junit-4.11.jar;C:\Users\hdu\.m2\repository\org\hamcrest\hamcrest-core\1.3\hamcrest-core-1.3.jar;C:\Users\hdu\.m2\repository\io\appium\java-client\8.5.1\java-client-8.5.1.jar;C:\Users\hdu\.m2\repository\org\seleniumhq\selenium\selenium-api\4.16.1\selenium-api-4.16.1.jar;C:\Users\hdu\.m2\repository\org\seleniumhq\selenium\selenium-support\4.16.1\selenium-support-4.16.1.jar;C:\Users\hdu\.m2\repository\com\google\code\gson\gson\2.10.1\gson-2.10.1.jar;C:\Users\hdu\.m2\repository\commons-validator\commons-validator\1.7\commons-validator-1.7.jar;C:\Users\hdu\.m2\repository\commons-beanutils\commons-beanutils\1.9.4\commons-beanutils-1.9.4.jar;C:\Users\hdu\.m2\repository\commons-digester\commons-digester\2.1\commons-digester-2.1.jar;C:\Users\hdu\.m2\repository\commons-logging\commons-logging\1.2\commons-logging-1.2.jar;C:\Users\hdu\.m2\repository\commons-collections\commons-collections\3.2.2\commons-collections-3.2.2.jar;C:\Users\hdu\.m2\repository\org\apache\commons\commons-lang3\3.12.0\commons-lang3-3.12.0.jar;C:\Users\hdu\.m2\repository\commons-io\commons-io\2.12.0\commons-io-2.12.0.jar;C:\Users\hdu\.m2\repository\org\slf4j\slf4j-api\2.0.7\slf4j-api-2.0.7.jar;C:\Users\hdu\.m2\repository\org\testng\testng\7.8.0\testng-7.8.0.jar;C:\Users\hdu\.m2\repository\com\beust\jcommander\1.82\jcommander-1.82.jar;C:\Users\hdu\.m2\repository\org\webjars\jquery\3.6.1\jquery-3.6.1.jar;C:\Users\hdu\.m2\repository\com\deque\android\axe-devtools-android-data\5.0.0\axe-devtools-android-data-5.0.0.jar;C:\Users\hdu\.m2\repository\org\jetbrains\kotlin\kotlin-stdlib-jdk8\1.9.10\kotlin-stdlib-jdk8-1.9.10.jar;C:\Users\hdu\.m2\repository\org\jetbrains\kotlin\kotlin-stdlib-jdk7\1.9.10\kotlin-stdlib-jdk7-1.9.10.jar;C:\Users\hdu\.m2\repository\org\jetbrains\kotlin\kotlin-reflect\1.9.10\kotlin-reflect-1.9.10.jar;C:\Users\hdu\.m2\repository\com\squareup\retrofit2\retrofit\2.9.0\retrofit-2.9.0.jar;C:\Users\hdu\.m2\repository\com\squareup\okhttp3\okhttp\3.14.9\okhttp-3.14.9.jar;C:\Users\hdu\.m2\repository\com\squareup\retrofit2\converter-moshi\2.9.0\converter-moshi-2.9.0.jar;C:\Users\hdu\.m2\repository\com\squareup\retrofit2\converter-scalars\2.9.0\converter-scalars-2.9.0.jar;C:\Users\hdu\.m2\repository\com\squareup\moshi\moshi\1.15.0\moshi-1.15.0.jar;C:\Users\hdu\.m2\repository\com\squareup\okio\okio\2.10.0\okio-2.10.0.jar;C:\Users\hdu\.m2\repository\com\squareup\moshi\moshi-kotlin\1.15.0\moshi-kotlin-1.15.0.jar;C:\Users\hdu\.m2\repository\org\jetbrains\kotlinx\kotlinx-coroutines-core-jvm\1.7.1\kotlinx-coroutines-core-jvm-1.7.1.jar;C:\Users\hdu\.m2\repository\org\jetbrains\kotlin\kotlin-stdlib-common\1.8.20\kotlin-stdlib-common-1.8.20.jar;C:\Users\hdu\.m2\repository\com\deque\android\axe-devtools-android-analytics\5.0.0\axe-devtools-android-analytics-5.0.0.jar;C:\Users\hdu\.m2\repository\com\deque\android\axe-devtools-android-core\3.2.0\axe-devtools-android-core-3.2.0.jar;C:\Users\hdu\.m2\repository\org\jetbrains\kotlin\kotlin-stdlib\1.5.31\kotlin-stdlib-1.5.31.jar;C:\Users\hdu\.m2\repository\org\apache\httpcomponents\httpclient\4.5.10\httpclient-4.5.10.jar;C:\Users\hdu\.m2\repository\org\apache\httpcomponents\httpcore\4.4.12\httpcore-4.4.12.jar;C:\Users\hdu\.m2\repository\commons-codec\commons-codec\1.11\commons-codec-1.11.jar;C:\Users\hdu\.m2\repository\com\squareup\okhttp3\logging-interceptor\4.10.0\logging-interceptor-4.10.0.jar;C:\Users\hdu\.m2\repository\com\deque\android\axe-devtools-android-results\5.0.0\axe-devtools-android-results-5.0.0.jar;C:\Users\hdu\.m2\repository\com\deque\android\axe-devtools-android-dashboard-auth\5.0.0\axe-devtools-android-dashboard-auth-5.0.0.jar;C:\Users\hdu\.m2\repository\org\jetbrains\annotations\24.1.0\annotations-24.1.0.jar;C:\Users\hdu\.m2\repository\org\seleniumhq\selenium\selenium-java\4.8.1\selenium-java-4.8.1.jar;C:\Users\hdu\.m2\repository\org\seleniumhq\selenium\selenium-chrome-driver\4.8.1\selenium-chrome-driver-4.8.1.jar;C:\Users\hdu\.m2\repository\com\google\auto\service\auto-service\1.0.1\auto-service-1.0.1.jar;C:\Users\hdu\.m2\repository\com\google\auto\auto-common\1.2\auto-common-1.2.jar;C:\Users\hdu\.m2\repository\org\seleniumhq\selenium\selenium-chromium-driver\4.8.1\selenium-chromium-driver-4.8.1.jar;C:\Users\hdu\.m2\repository\org\seleniumhq\selenium\selenium-devtools-v108\4.8.1\selenium-devtools-v108-4.8.1.jar;C:\Users\hdu\.m2\repository\org\seleniumhq\selenium\selenium-devtools-v109\4.8.1\selenium-devtools-v109-4.8.1.jar;C:\Users\hdu\.m2\repository\org\seleniumhq\selenium\selenium-devtools-v110\4.8.1\selenium-devtools-v110-4.8.1.jar;C:\Users\hdu\.m2\repository\org\seleniumhq\selenium\selenium-devtools-v85\4.8.1\selenium-devtools-v85-4.8.1.jar;C:\Users\hdu\.m2\repository\org\seleniumhq\selenium\selenium-edge-driver\4.8.1\selenium-edge-driver-4.8.1.jar;C:\Users\hdu\.m2\repository\org\seleniumhq\selenium\selenium-firefox-driver\4.8.1\selenium-firefox-driver-4.8.1.jar;C:\Users\hdu\.m2\repository\org\seleniumhq\selenium\selenium-ie-driver\4.8.1\selenium-ie-driver-4.8.1.jar;C:\Users\hdu\.m2\repository\org\seleniumhq\selenium\selenium-safari-driver\4.8.1\selenium-safari-driver-4.8.1.jar;C:\Users\hdu\.m2\repository\org\seleniumhq\selenium\selenium-remote-driver\4.13.0\selenium-remote-driver-4.13.0.jar;C:\Users\hdu\.m2\repository\com\google\auto\service\auto-service-annotations\1.1.1\auto-service-annotations-1.1.1.jar;C:\Users\hdu\.m2\repository\com\google\guava\guava\32.1.2-jre\guava-32.1.2-jre.jar;C:\Users\hdu\.m2\repository\com\google\guava\failureaccess\1.0.1\failureaccess-1.0.1.jar;C:\Users\hdu\.m2\repository\com\google\guava\listenablefuture\9999.0-empty-to-avoid-conflict-with-guava\listenablefuture-9999.0-empty-to-avoid-conflict-with-guava.jar;C:\Users\hdu\.m2\repository\com\google\code\findbugs\jsr305\3.0.2\jsr305-3.0.2.jar;C:\Users\hdu\.m2\repository\org\checkerframework\checker-qual\3.33.0\checker-qual-3.33.0.jar;C:\Users\hdu\.m2\repository\com\google\errorprone\error_prone_annotations\2.18.0\error_prone_annotations-2.18.0.jar;C:\Users\hdu\.m2\repository\com\google\j2objc\j2objc-annotations\2.8\j2objc-annotations-2.8.jar;C:\Users\hdu\.m2\repository\io\netty\netty-buffer\4.1.96.Final\netty-buffer-4.1.96.Final.jar;C:\Users\hdu\.m2\repository\io\netty\netty-codec-http\4.1.96.Final\netty-codec-http-4.1.96.Final.jar;C:\Users\hdu\.m2\repository\io\netty\netty-codec\4.1.96.Final\netty-codec-4.1.96.Final.jar;C:\Users\hdu\.m2\repository\io\netty\netty-handler\4.1.96.Final\netty-handler-4.1.96.Final.jar;C:\Users\hdu\.m2\repository\io\netty\netty-common\4.1.96.Final\netty-common-4.1.96.Final.jar;C:\Users\hdu\.m2\repository\io\netty\netty-transport-classes-epoll\4.1.96.Final\netty-transport-classes-epoll-4.1.96.Final.jar;C:\Users\hdu\.m2\repository\io\netty\netty-transport-classes-kqueue\4.1.96.Final\netty-transport-classes-kqueue-4.1.96.Final.jar;C:\Users\hdu\.m2\repository\io\netty\netty-transport-native-epoll\4.1.96.Final\netty-transport-native-epoll-4.1.96.Final.jar;C:\Users\hdu\.m2\repository\io\netty\netty-transport-native-kqueue\4.1.96.Final\netty-transport-native-kqueue-4.1.96.Final.jar;C:\Users\hdu\.m2\repository\io\netty\netty-transport-native-unix-common\4.1.96.Final\netty-transport-native-unix-common-4.1.96.Final.jar;C:\Users\hdu\.m2\repository\io\netty\netty-transport\4.1.96.Final\netty-transport-4.1.96.Final.jar;C:\Users\hdu\.m2\repository\io\netty\netty-resolver\4.1.96.Final\netty-resolver-4.1.96.Final.jar;C:\Users\hdu\.m2\repository\io\opentelemetry\opentelemetry-api\1.28.0\opentelemetry-api-1.28.0.jar;C:\Users\hdu\.m2\repository\io\opentelemetry\opentelemetry-context\1.28.0\opentelemetry-context-1.28.0.jar;C:\Users\hdu\.m2\repository\io\opentelemetry\opentelemetry-exporter-logging\1.28.0\opentelemetry-exporter-logging-1.28.0.jar;C:\Users\hdu\.m2\repository\io\opentelemetry\opentelemetry-sdk-metrics\1.28.0\opentelemetry-sdk-metrics-1.28.0.jar;C:\Users\hdu\.m2\repository\io\opentelemetry\opentelemetry-extension-incubator\1.28.0-alpha\opentelemetry-extension-incubator-1.28.0-alpha.jar;C:\Users\hdu\.m2\repository\io\opentelemetry\opentelemetry-sdk-logs\1.28.0\opentelemetry-sdk-logs-1.28.0.jar;C:\Users\hdu\.m2\repository\io\opentelemetry\opentelemetry-sdk-common\1.28.0\opentelemetry-sdk-common-1.28.0.jar;C:\Users\hdu\.m2\repository\io\opentelemetry\opentelemetry-sdk-extension-autoconfigure-spi\1.28.0\opentelemetry-sdk-extension-autoconfigure-spi-1.28.0.jar;C:\Users\hdu\.m2\repository\io\opentelemetry\opentelemetry-sdk-extension-autoconfigure\1.28.0\opentelemetry-sdk-extension-autoconfigure-1.28.0.jar;C:\Users\hdu\.m2\repository\io\opentelemetry\opentelemetry-api-events\1.28.0-alpha\opentelemetry-api-events-1.28.0-alpha.jar;C:\Users\hdu\.m2\repository\io\opentelemetry\opentelemetry-sdk-trace\1.28.0\opentelemetry-sdk-trace-1.28.0.jar;C:\Users\hdu\.m2\repository\io\opentelemetry\opentelemetry-sdk\1.28.0\opentelemetry-sdk-1.28.0.jar;C:\Users\hdu\.m2\repository\io\opentelemetry\opentelemetry-semconv\1.28.0-alpha\opentelemetry-semconv-1.28.0-alpha.jar;C:\Users\hdu\.m2\repository\net\bytebuddy\byte-buddy\1.14.5\byte-buddy-1.14.5.jar;C:\Users\hdu\.m2\repository\org\asynchttpclient\async-http-client\2.12.3\async-http-client-2.12.3.jar;C:\Users\hdu\.m2\repository\org\asynchttpclient\async-http-client-netty-utils\2.12.3\async-http-client-netty-utils-2.12.3.jar;C:\Users\hdu\.m2\repository\io\netty\netty-codec-socks\4.1.60.Final\netty-codec-socks-4.1.60.Final.jar;C:\Users\hdu\.m2\repository\io\netty\netty-handler-proxy\4.1.60.Final\netty-handler-proxy-4.1.60.Final.jar;C:\Users\hdu\.m2\repository\io\netty\netty-transport-native-epoll\4.1.60.Final\netty-transport-native-epoll-4.1.60.Final-linux-x86_64.jar;C:\Users\hdu\.m2\repository\io\netty\netty-transport-native-kqueue\4.1.60.Final\netty-transport-native-kqueue-4.1.60.Final-osx-x86_64.jar;C:\Users\hdu\.m2\repository\org\reactivestreams\reactive-streams\1.0.3\reactive-streams-1.0.3.jar;C:\Users\hdu\.m2\repository\com\typesafe\netty\netty-reactive-streams\2.0.4\netty-reactive-streams-2.0.4.jar;C:\Users\hdu\.m2\repository\com\sun\activation\jakarta.activation\1.2.2\jakarta.activation-1.2.2.jar;C:\Users\hdu\.m2\repository\org\seleniumhq\selenium\selenium-http\4.13.0\selenium-http-4.13.0.jar;C:\Users\hdu\.m2\repository\dev\failsafe\failsafe\3.3.2\failsafe-3.3.2.jar;C:\Users\hdu\.m2\repository\org\seleniumhq\selenium\selenium-json\4.13.0\selenium-json-4.13.0.jar;C:\Users\hdu\.m2\repository\org\seleniumhq\selenium\selenium-manager\4.13.0\selenium-manager-4.13.0.jar;C:\Users\hdu\.m2\repository\org\seleniumhq\selenium\selenium-os\4.13.0\selenium-os-4.13.0.jar;C:\Users\hdu\.m2\repository\org\apache\commons\commons-exec\1.3\commons-exec-1.3.jar;C:\Users\hdu\.m2\repository\com\deque\html\axe-core\selenium\4.6.0\selenium-4.6.0.jar;C:\Users\hdu\.m2\repository\io\github\bonigarcia\webdrivermanager\5.3.1\webdrivermanager-5.3.1.jar;C:\Users\hdu\.m2\repository\com\github\docker-java\docker-java\3.2.13\docker-java-3.2.13.jar;C:\Users\hdu\.m2\repository\com\github\docker-java\docker-java-core\3.2.13\docker-java-core-3.2.13.jar;C:\Users\hdu\.m2\repository\com\github\docker-java\docker-java-api\3.2.13\docker-java-api-3.2.13.jar;C:\Users\hdu\.m2\repository\org\apache\commons\commons-compress\1.21\commons-compress-1.21.jar;C:\Users\hdu\.m2\repository\org\bouncycastle\bcpkix-jdk15on\1.64\bcpkix-jdk15on-1.64.jar;C:\Users\hdu\.m2\repository\org\bouncycastle\bcprov-jdk15on\1.64\bcprov-jdk15on-1.64.jar;C:\Users\hdu\.m2\repository\org\slf4j\jcl-over-slf4j\1.7.30\jcl-over-slf4j-1.7.30.jar;C:\Users\hdu\.m2\repository\com\github\docker-java\docker-java-transport-httpclient5\3.2.13\docker-java-transport-httpclient5-3.2.13.jar;C:\Users\hdu\.m2\repository\com\github\docker-java\docker-java-transport\3.2.13\docker-java-transport-3.2.13.jar;C:\Users\hdu\.m2\repository\net\java\dev\jna\jna\5.8.0\jna-5.8.0.jar;C:\Users\hdu\.m2\repository\org\brotli\dec\0.1.2\dec-0.1.2.jar;C:\Users\hdu\.m2\repository\org\apache\httpcomponents\client5\httpclient5\5.1.3\httpclient5-5.1.3.jar;C:\Users\hdu\.m2\repository\org\apache\httpcomponents\core5\httpcore5\5.1.3\httpcore5-5.1.3.jar;C:\Users\hdu\.m2\repository\org\apache\httpcomponents\core5\httpcore5-h2\5.1.3\httpcore5-h2-5.1.3.jar;C:\Users\hdu\.m2\repository\com\fasterxml\jackson\core\jackson-databind\2.14.1\jackson-databind-2.14.1.jar;C:\Users\hdu\.m2\repository\com\fasterxml\jackson\core\jackson-annotations\2.14.1\jackson-annotations-2.14.1.jar;C:\Users\hdu\.m2\repository\com\fasterxml\jackson\core\jackson-core\2.14.1\jackson-core-2.14.1.jar;C:\Users\hdu\.m2\repository\com\deque\html\axe-core\dequeutilites\4.6.0\dequeutilites-4.6.0.jar;C:\Users\hdu\.m2\repository\com\android\support\support-annotations\28.0.0\support-annotations-28.0.0.jar;C:\Users\hdu\.m2\repository\org\mockito\mockito-core\5.8.0\mockito-core-5.8.0.jar;C:\Users\hdu\.m2\repository\net\bytebuddy\byte-buddy-agent\1.14.10\byte-buddy-agent-1.14.10.jar;C:\Users\hdu\.m2\repository\org\objenesis\objenesis\3.3\objenesis-3.3.jar;C:\Users\hdu\.m2\repository\ar\com\hjg\pngj\2.1.0\pngj-2.1.0.jar;C:\Users\hdu\.m2\repository\androidx\annotation\annotation\1.7.0\annotation-1.7.0.jar;C:\Users\hdu\.m2\repository\androidx\annotation\annotation-jvm\1.7.0\annotation-jvm-1.7.0.jar;"/>
    <property name="sun.cpu.endian" value="little"/>
    <property name="user.home" value="C:\Users\hdu"/>
    <property name="user.language" value="en"/>
    <property name="java.specification.vendor" value="Oracle Corporation"/>
    <property name="java.version.date" value="2022-08-12"/>
    <property name="java.home" value="C:\Users\hdu\Downloads\eclipse-java-2022-09-R-win32-x86_64\eclipse\plugins\org.eclipse.justj.openjdk.hotspot.jre.full.win32.x86_64_17.0.4.v20220903-1038\jre"/>
    <property name="file.separator" value="\"/>
    <property name="style.color" value="always"/>
    <property name="basedir" value="C:\Users\hdu\eclipse\Espresso"/>
    <property name="java.vm.compressedOopsMode" value="Zero based"/>
    <property name="line.separator" value="&#10;"/>
    <property name="java.vm.specification.vendor" value="Oracle Corporation"/>
    <property name="java.specification.name" value="Java Platform API Specification"/>
    <property name="surefire.real.class.path" value="C:\Users\hdu\AppData\Local\Temp\surefire15344657788449070950\surefirebooter2581263262710579278.jar"/>
    <property name="user.script" value=""/>
    <property name="sun.management.compiler" value="HotSpot 64-Bit Tiered Compilers"/>
    <property name="java.runtime.version" value="17.0.4.1+1"/>
    <property name="user.name" value="hdu"/>
    <property name="path.separator" value=";"/>
    <property name="os.version" value="10.0"/>
    <property name="java.runtime.name" value="OpenJDK Runtime Environment"/>
    <property name="file.encoding" value="Cp1252"/>
    <property name="java.vm.name" value="OpenJDK 64-Bit Server VM"/>
    <property name="java.vendor.version" value="Temurin-17.0.4.1+1"/>
    <property name="localRepository" value="C:\Users\hdu\.m2\repository"/>
    <property name="java.vendor.url.bug" value="https://github.com/adoptium/adoptium-support/issues"/>
    <property name="java.io.tmpdir" value="C:\Users\hdu\AppData\Local\Temp\"/>
    <property name="java.version" value="17.0.4.1"/>
    <property name="user.dir" value="C:\Users\hdu\eclipse\Espresso"/>
    <property name="os.arch" value="amd64"/>
    <property name="java.vm.specification.name" value="Java Virtual Machine Specification"/>
    <property name="sun.os.patch.level" value=""/>
    <property name="native.encoding" value="Cp1252"/>
    <property name="java.library.path" value="C:\Users\hdu\Downloads\eclipse-java-2022-09-R-win32-x86_64\eclipse\plugins\org.eclipse.justj.openjdk.hotspot.jre.full.win32.x86_64_17.0.4.v20220903-1038\jre\bin;C:\WINDOWS\Sun\Java\bin;C:\WINDOWS\system32;C:\WINDOWS;C:/Users/hdu/Downloads/eclipse-java-2022-09-R-win32-x86_64/eclipse//plugins/org.eclipse.justj.openjdk.hotspot.jre.full.win32.x86_64_17.0.4.v20220903-1038/jre/bin/server;C:/Users/hdu/Downloads/eclipse-java-2022-09-R-win32-x86_64/eclipse//plugins/org.eclipse.justj.openjdk.hotspot.jre.full.win32.x86_64_17.0.4.v20220903-1038/jre/bin;C:\Program Files\Common Files\Oracle\Java\javapath;C:\WINDOWS\system32;C:\WINDOWS;C:\WINDOWS\System32\Wbem;C:\WINDOWS\System32\WindowsPowerShell\v1.0\;C:\WINDOWS\System32\OpenSSH\;C:\Program Files\dotnet\;C:\Program Files\Java\jdk-17\bin;C:\Program Files\nodejs\;C:\Program Files\nodejs\node_modules\npm;C:\Program Files\nodejs\node_modules\npm\bin;C:\Users\hdu\Downloads\jadx-master\jadx-master;C:\Users\hdu\AppData\Roaming\npm\node_modules\axe-core;C:\Users\hdu\AppData\Roaming\npm\node_modules\axe-cli;C:\Program Files\apache-maven-3.9.4\bin;C:\Program Files\Git\cmd;C:\Android\Selenium\geckodriver.exe;C:\Android\Selenium;C:\Program Files\PuTTY\;C:\Users\hdu\AppData\Local\Packages\PythonSoftwareFoundation.Python.3.11_qbz5n2kfra8p0\LocalCache\local-packages\Python311\Scripts\robot.exe;C:\Users\hdu\AppData\Local\Packages\PythonSoftwareFoundation.Python.3.11_qbz5n2kfra8p0\LocalCache\local-packages\Python311\Scripts;C:\Program Files\Java\jdk-17\bin;C:\Users\hdu\AppData\Local\Android\Sdk\cmdline-tools\latest\bin;C:\Users\hdu\AppData\Local\Android\Sdk\build-tools\34.0.0;C:\Users\hdu\AppData\Local\Android\Sdk\platform-tools;C:\Users\hdu\AppData\Local\Android\Sdk\tools;C:\Users\hdu\AppData\Local\Android\Sdk\tools\bin;C:\Users\hdu\AppData\Local\Microsoft\WindowsApps;C:\Program Files\Java\jdk-17\bin;C:\Users\hdu\AppData\Roaming\npm;C:\Program Files\nodejs\node_modules\npm;C:\Program Files\nodejs\node_modules\npm\bin;C:\Users\hdu\Downloads\jadx-master\jadx-master;C:\Users\hdu\AppData\Roaming\npm\node_modules\axe-core;C:\Users\hdu\AppData\Roaming\npm\node_modules\axe-cli;C:\Users\hdu\AppData\Local\Programs\Microsoft VS Code\bin;C:\Program Files\apache-maven-3.9.4\bin;C:\Android\Selenium;C:\Android\Selenium\geckodriver.exe;C:\Users\hdu\AppData\Local\Packages\PythonSoftwareFoundation.Python.3.11_qbz5n2kfra8p0\LocalCache\local-packages\Python311\Scripts;C:\Users\hdu\AppData\Local\Packages\PythonSoftwareFoundation.Python.3.11_qbz5n2kfra8p0\LocalCache\local-packages\Python311\Scripts\robot.exe;C:\Program Files\Java\jdk-17\bin;C:\Users\hdu\AppData\Local\Android\Sdk\build-tools\34.0.0;C:\Users\hdu\AppData\Local\Android\Sdk\platform-tools;C:\Users\hdu\AppData\Local\Android\Sdk\cmdline-tools\latest\bin;C:\Users\hdu\AppData\Local\Android\Sdk\tools;C:\Users\hdu\AppData\Local\Android\Sdk\tools\bin;;C:\Users\hdu\Downloads\eclipse-java-2022-09-R-win32-x86_64\eclipse;;."/>
    <property name="java.vm.info" value="mixed mode"/>
    <property name="java.vendor" value="Eclipse Adoptium"/>
    <property name="java.vm.version" value="17.0.4.1+1"/>
    <property name="sun.io.unicode.encoding" value="UnicodeLittle"/>
    <property name="java.class.version" value="61.0"/>
  </properties>
  <testcase name="accessibilityTest" classname="hdespresso.AccessibilityTest" time="1.649"/>
  <testcase name="construct on construct(com.deque.axe.android.AxeDeviceTest)" classname="com.deque.axe.android.AxeDeviceTest" time="0.001"/>
  <testcase name="test_QueryOnlyViolations on test_QueryOnlyViolations(com.deque.axe.android.AxeResultTest)" classname="com.deque.axe.android.AxeResultTest" time="0.001"/>
  <testcase name="axeViewJsonTest on axeViewJsonTest(com.deque.axe.android.AxeTest)" classname="com.deque.axe.android.AxeTest" time="0.728"/>
  <testcase name="testDefaultConfig on testDefaultConfig(com.deque.axe.android.AxeTest)" classname="com.deque.axe.android.AxeTest" time="0.197"/>
  <testcase name="testIgnoreMultipleRules on testIgnoreMultipleRules(com.deque.axe.android.AxeTest)" classname="com.deque.axe.android.AxeTest" time="0.001"/>
  <testcase name="testRun on testRun(com.deque.axe.android.AxeTest)" classname="com.deque.axe.android.AxeTest" time="0.024"/>
  <testcase name="jsonAxeRuleResultTestSpecs on jsonAxeRuleResultTestSpecs(com.deque.axe.android.AxeTest)" classname="com.deque.axe.android.AxeTest" time="1.101"/>
  <testcase name="axeMetaDataJsonTest on axeMetaDataJsonTest(com.deque.axe.android.AxeTest)" classname="com.deque.axe.android.AxeTest" time="0.102"/>
  <testcase name="testThrownException on testThrownException(com.deque.axe.android.AxeTest)" classname="com.deque.axe.android.AxeTest" time="0.015"/>
  <testcase name="testIgnoreRule on testIgnoreRule(com.deque.axe.android.AxeTest)" classname="com.deque.axe.android.AxeTest" time="0"/>
  <testcase name="tesAxeConf on tesAxeConf(com.deque.axe.android.AxeTest)" classname="com.deque.axe.android.AxeTest" time="0"/>
  <testcase name="testOneStandardAndOneRule on testOneStandardAndOneRule(com.deque.axe.android.AxeTest)" classname="com.deque.axe.android.AxeTest" time="0"/>
  <testcase name="testRuleSize on testRuleSize(com.deque.axe.android.AxeTest)" classname="com.deque.axe.android.AxeTest" time="0"/>
  <testcase name="calculateProps_switch on calculateProps_switch(com.deque.axe.android.AxeViewTest)" classname="com.deque.axe.android.AxeViewTest" time="0.025"/>
  <testcase name="screenTitle_basic on screenTitle_basic(com.deque.axe.android.AxeViewTest)" classname="com.deque.axe.android.AxeViewTest" time="0"/>
  <testcase name="calculatedProps_ImageView on calculatedProps_ImageView(com.deque.axe.android.AxeViewTest)" classname="com.deque.axe.android.AxeViewTest" time="0.001"/>
  <testcase name="isNotRendered on isNotRendered(com.deque.axe.android.AxeViewTest)" classname="com.deque.axe.android.AxeViewTest" time="0.001"/>
  <testcase name="screenTitle_noContentView on screenTitle_noContentView(com.deque.axe.android.AxeViewTest)" classname="com.deque.axe.android.AxeViewTest" time="0"/>
  <testcase name="calculateProps_offScreenAxeView on calculateProps_offScreenAxeView(com.deque.axe.android.AxeViewTest)" classname="com.deque.axe.android.AxeViewTest" time="0"/>
  <testcase name="isRendered on isRendered(com.deque.axe.android.AxeViewTest)" classname="com.deque.axe.android.AxeViewTest" time="0"/>
  <testcase name="isOffScreen_viewInsideScreen_returnsFalse on isOffScreen_viewInsideScreen_returnsFalse(com.deque.axe.android.AxeViewTest)" classname="com.deque.axe.android.AxeViewTest" time="0"/>
  <testcase name="calculateProps_offScreenAndObscuredAxeView on calculateProps_offScreenAndObscuredAxeView(com.deque.axe.android.AxeViewTest)" classname="com.deque.axe.android.AxeViewTest" time="0"/>
  <testcase name="isOffScreen_viewInScreen_returnsFalse on isOffScreen_viewInScreen_returnsFalse(com.deque.axe.android.AxeViewTest)" classname="com.deque.axe.android.AxeViewTest" time="0"/>
  <testcase name="query on query(com.deque.axe.android.AxeViewTest)" classname="com.deque.axe.android.AxeViewTest" time="0.002"/>
  <testcase name="calculateProps_editText on calculateProps_editText(com.deque.axe.android.AxeViewTest)" classname="com.deque.axe.android.AxeViewTest" time="0.019"/>
  <testcase name="calculateProps_Button on calculateProps_Button(com.deque.axe.android.AxeViewTest)" classname="com.deque.axe.android.AxeViewTest" time="0"/>
  <testcase name="isOffScreen_viewOutOfScreen_returnsTrue on isOffScreen_viewOutOfScreen_returnsTrue(com.deque.axe.android.AxeViewTest)" classname="com.deque.axe.android.AxeViewTest" time="0"/>
  <testcase name="calculateProps_noContentDescription_editText on calculateProps_noContentDescription_editText(com.deque.axe.android.AxeViewTest)" classname="com.deque.axe.android.AxeViewTest" time="0"/>
  <testcase name="isPartiallyVisible_buttonIsNotOffScreen_returnsFalse on isPartiallyVisible_buttonIsNotOffScreen_returnsFalse(com.deque.axe.android.AxeViewTest)" classname="com.deque.axe.android.AxeViewTest" time="0"/>
  <testcase name="calculateProps_obscuredAxeView on calculateProps_obscuredAxeView(com.deque.axe.android.AxeViewTest)" classname="com.deque.axe.android.AxeViewTest" time="0.001"/>
  <testcase name="example_withActualTextColor_ManualTestingRequired on example_withActualTextColor_ManualTestingRequired(com.deque.axe.android.ColorContrastTests)" classname="com.deque.axe.android.ColorContrastTests" time="0.134"/>
  <testcase name="imageTest_intellijCapture on imageTest_intellijCapture(com.deque.axe.android.ColorContrastTests)" classname="com.deque.axe.android.ColorContrastTests" time="0.046"/>
  <testcase name="example_Inaccessible on example_Inaccessible(com.deque.axe.android.ColorContrastTests)" classname="com.deque.axe.android.ColorContrastTests" time="0.069"/>
  <testcase name="imageTest_largeWhiteTextBlueBackground on imageTest_largeWhiteTextBlueBackground(com.deque.axe.android.ColorContrastTests)" classname="com.deque.axe.android.ColorContrastTests" time="0.034"/>
  <testcase name="imageTest_textWithIcon on imageTest_textWithIcon(com.deque.axe.android.ColorContrastTests)" classname="com.deque.axe.android.ColorContrastTests" time="0.015"/>
  <testcase name="example_Accessible on example_Accessible(com.deque.axe.android.ColorContrastTests)" classname="com.deque.axe.android.ColorContrastTests" time="0.035"/>
  <testcase name="imageTest_textOnlyAtTop on imageTest_textOnlyAtTop(com.deque.axe.android.ColorContrastTests)" classname="com.deque.axe.android.ColorContrastTests" time="3.878"/>
  <testcase name="imageTest_intellijCaptureHard on imageTest_intellijCaptureHard(com.deque.axe.android.ColorContrastTests)" classname="com.deque.axe.android.ColorContrastTests" time="0.094"/>
  <testcase name="example_ManualTestingRequired on example_ManualTestingRequired(com.deque.axe.android.ColorContrastTests)" classname="com.deque.axe.android.ColorContrastTests" time="0.084"/>
  <testcase name="imageTest_whiteTextBlueBackground on imageTest_whiteTextBlueBackground(com.deque.axe.android.ColorContrastTests)" classname="com.deque.axe.android.ColorContrastTests" time="0.024"/>
  <testcase name="speakableTextEmpty_runRule on speakableTextEmpty_runRule(com.deque.axe.android.rules.hierarchy.ActiveViewNameTest)" classname="com.deque.axe.android.rules.hierarchy.ActiveViewNameTest" time="2.761"/>
  <testcase name="isApplicable_classNameIsSwitch on isApplicable_classNameIsSwitch(com.deque.axe.android.rules.hierarchy.ActiveViewNameTest)" classname="com.deque.axe.android.rules.hierarchy.ActiveViewNameTest" time="0.003"/>
  <testcase name="viewNotClickable_runRule on viewNotClickable_runRule(com.deque.axe.android.rules.hierarchy.ActiveViewNameTest)" classname="com.deque.axe.android.rules.hierarchy.ActiveViewNameTest" time="0.003"/>
  <testcase name="isApplicable_classNameIsCheckBox on isApplicable_classNameIsCheckBox(com.deque.axe.android.rules.hierarchy.ActiveViewNameTest)" classname="com.deque.axe.android.rules.hierarchy.ActiveViewNameTest" time="0.001"/>
  <testcase name="isApplicable_overridesAccessibilityDelegate_returnsFalse on isApplicable_overridesAccessibilityDelegate_returnsFalse(com.deque.axe.android.rules.hierarchy.ActiveViewNameTest)" classname="com.deque.axe.android.rules.hierarchy.ActiveViewNameTest" time="0.004"/>
  <testcase name="runRule on runRule(com.deque.axe.android.rules.hierarchy.ActiveViewNameTest)" classname="com.deque.axe.android.rules.hierarchy.ActiveViewNameTest" time="0.002"/>
  <testcase name="isApplicable_classNameIsButton on isApplicable_classNameIsButton(com.deque.axe.android.rules.hierarchy.ActiveViewNameTest)" classname="com.deque.axe.android.rules.hierarchy.ActiveViewNameTest" time="0.004"/>
  <testcase name="visibleTextEmpty_labelIsEmpty_runRule on visibleTextEmpty_labelIsEmpty_runRule(com.deque.axe.android.rules.hierarchy.CheckBoxNameTest)" classname="com.deque.axe.android.rules.hierarchy.CheckBoxNameTest" time="0.002"/>
  <testcase name="overRidesAccessibilityDelegate_returnsFalse on overRidesAccessibilityDelegate_returnsFalse(com.deque.axe.android.rules.hierarchy.CheckBoxNameTest)" classname="com.deque.axe.android.rules.hierarchy.CheckBoxNameTest" time="0.006"/>
  <testcase name="visibleTextNotEmpty_labelEmpty_runRule on visibleTextNotEmpty_labelEmpty_runRule(com.deque.axe.android.rules.hierarchy.CheckBoxNameTest)" classname="com.deque.axe.android.rules.hierarchy.CheckBoxNameTest" time="0.001"/>
  <testcase name="visibleTextEmpty_labelNotEmpty_runRule on visibleTextEmpty_labelNotEmpty_runRule(com.deque.axe.android.rules.hierarchy.CheckBoxNameTest)" classname="com.deque.axe.android.rules.hierarchy.CheckBoxNameTest" time="0.008"/>
  <testcase name="visibleTextNotEmpty_labelNotEmpty_runRule on visibleTextNotEmpty_labelNotEmpty_runRule(com.deque.axe.android.rules.hierarchy.CheckBoxNameTest)" classname="com.deque.axe.android.rules.hierarchy.CheckBoxNameTest" time="0.003"/>
  <testcase name="overRidesAccessibilityDelegate_returnsFalse on overRidesAccessibilityDelegate_returnsFalse(com.deque.axe.android.rules.hierarchy.EditTextNameTest)" classname="com.deque.axe.android.rules.hierarchy.EditTextNameTest" time="0"/>
  <testcase name="labelIsNotNullOrEmpty_runRule on labelIsNotNullOrEmpty_runRule(com.deque.axe.android.rules.hierarchy.EditTextNameTest)" classname="com.deque.axe.android.rules.hierarchy.EditTextNameTest" time="0"/>
  <testcase name="labelIsEmpty_runRule on labelIsEmpty_runRule(com.deque.axe.android.rules.hierarchy.EditTextNameTest)" classname="com.deque.axe.android.rules.hierarchy.EditTextNameTest" time="0.001"/>
  <testcase name="overRidesAccessibilityDelegate_returnsFalse on overRidesAccessibilityDelegate_returnsFalse(com.deque.axe.android.rules.hierarchy.EditTextValueTest)" classname="com.deque.axe.android.rules.hierarchy.EditTextValueTest" time="0.002"/>
  <testcase name="emptyContentDescription_runRule on emptyContentDescription_runRule(com.deque.axe.android.rules.hierarchy.EditTextValueTest)" classname="com.deque.axe.android.rules.hierarchy.EditTextValueTest" time="0.002"/>
  <testcase name="editTextClass_isApplicable on editTextClass_isApplicable(com.deque.axe.android.rules.hierarchy.EditTextValueTest)" classname="com.deque.axe.android.rules.hierarchy.EditTextValueTest" time="0.004"/>
  <testcase name="editTextClass_overridesAccessibilityDelegate_notApplicable on editTextClass_overridesAccessibilityDelegate_notApplicable(com.deque.axe.android.rules.hierarchy.EditTextValueTest)" classname="com.deque.axe.android.rules.hierarchy.EditTextValueTest" time="0"/>
  <testcase name="switchClass_isApplicable on switchClass_isApplicable(com.deque.axe.android.rules.hierarchy.EditTextValueTest)" classname="com.deque.axe.android.rules.hierarchy.EditTextValueTest" time="0.002"/>
  <testcase name="nonEmptyContentDescription_runRule on nonEmptyContentDescription_runRule(com.deque.axe.android.rules.hierarchy.EditTextValueTest)" classname="com.deque.axe.android.rules.hierarchy.EditTextValueTest" time="0.001"/>
  <testcase name="imageViewClass_overridesAccessibilityDelegate_notApplicable on imageViewClass_overridesAccessibilityDelegate_notApplicable(com.deque.axe.android.rules.hierarchy.ImageViewNameTest)" classname="com.deque.axe.android.rules.hierarchy.ImageViewNameTest" time="0.001"/>
  <testcase name="imageViewClass_isApplicable on imageViewClass_isApplicable(com.deque.axe.android.rules.hierarchy.ImageViewNameTest)" classname="com.deque.axe.android.rules.hierarchy.ImageViewNameTest" time="0.002"/>
  <testcase name="isNotImportantForAccessibility_runRule on isNotImportantForAccessibility_runRule(com.deque.axe.android.rules.hierarchy.ImageViewNameTest)" classname="com.deque.axe.android.rules.hierarchy.ImageViewNameTest" time="0.001"/>
  <testcase name="isImportantForAccessibilityNonEmptyContentDesc_runRule on isImportantForAccessibilityNonEmptyContentDesc_runRule(com.deque.axe.android.rules.hierarchy.ImageViewNameTest)" classname="com.deque.axe.android.rules.hierarchy.ImageViewNameTest" time="0.001"/>
  <testcase name="isImportantForAccessibilityEmptyContentDesc_runRule on isImportantForAccessibilityEmptyContentDesc_runRule(com.deque.axe.android.rules.hierarchy.ImageViewNameTest)" classname="com.deque.axe.android.rules.hierarchy.ImageViewNameTest" time="0.002"/>
  <testcase name="switchClass_isApplicable on switchClass_isApplicable(com.deque.axe.android.rules.hierarchy.ImageViewNameTest)" classname="com.deque.axe.android.rules.hierarchy.ImageViewNameTest" time="0.001"/>
  <testcase name="visibleTextEmpty_labelIsEmpty_runRule on visibleTextEmpty_labelIsEmpty_runRule(com.deque.axe.android.rules.hierarchy.SwitchNameTest)" classname="com.deque.axe.android.rules.hierarchy.SwitchNameTest" time="0.002"/>
  <testcase name="overRidesAccessibilityDelegate_returnsFalse on overRidesAccessibilityDelegate_returnsFalse(com.deque.axe.android.rules.hierarchy.SwitchNameTest)" classname="com.deque.axe.android.rules.hierarchy.SwitchNameTest" time="0.001"/>
  <testcase name="visibleTextNotEmpty_labelEmpty_runRule on visibleTextNotEmpty_labelEmpty_runRule(com.deque.axe.android.rules.hierarchy.SwitchNameTest)" classname="com.deque.axe.android.rules.hierarchy.SwitchNameTest" time="0.002"/>
  <testcase name="visibleTextEmpty_labelNotEmpty_runRule on visibleTextEmpty_labelNotEmpty_runRule(com.deque.axe.android.rules.hierarchy.SwitchNameTest)" classname="com.deque.axe.android.rules.hierarchy.SwitchNameTest" time="0.001"/>
  <testcase name="visibleTextNotEmpty_labelNotEmpty_runRule on visibleTextNotEmpty_labelNotEmpty_runRule(com.deque.axe.android.rules.hierarchy.SwitchNameTest)" classname="com.deque.axe.android.rules.hierarchy.SwitchNameTest" time="0.002"/>
  <testcase name="runRule_expectedSizeLessThanAdjustedHeightAndExpectedSizeLessThanAdjustedWidth on runRule_expectedSizeLessThanAdjustedHeightAndExpectedSizeLessThanAdjustedWidth(com.deque.axe.android.rules.hierarchy.TouchSizeWcagTest)" classname="com.deque.axe.android.rules.hierarchy.TouchSizeWcagTest" time="0.056"/>
  <testcase name="overRidesAccessibilityDelegate_returnsFalse on overRidesAccessibilityDelegate_returnsFalse(com.deque.axe.android.rules.hierarchy.TouchSizeWcagTest)" classname="com.deque.axe.android.rules.hierarchy.TouchSizeWcagTest" time="0.003"/>
  <testcase name="runRule_isPartiallyVisible on runRule_isPartiallyVisible(com.deque.axe.android.rules.hierarchy.TouchSizeWcagTest)" classname="com.deque.axe.android.rules.hierarchy.TouchSizeWcagTest" time="0.002"/>
  <testcase name="runRule_expectedSizeGreaterThanAdjustedHeight on runRule_expectedSizeGreaterThanAdjustedHeight(com.deque.axe.android.rules.hierarchy.TouchSizeWcagTest)" classname="com.deque.axe.android.rules.hierarchy.TouchSizeWcagTest" time="0.003"/>
  <testcase name="runRule_isRendered on runRule_isRendered(com.deque.axe.android.rules.hierarchy.TouchSizeWcagTest)" classname="com.deque.axe.android.rules.hierarchy.TouchSizeWcagTest" time="0.004"/>
  <testcase name="runRule_isOffScreen on runRule_isOffScreen(com.deque.axe.android.rules.hierarchy.TouchSizeWcagTest)" classname="com.deque.axe.android.rules.hierarchy.TouchSizeWcagTest" time="0.003"/>
  <testcase name="runRule_expectedSizeGreaterThanAdjustedWidth on runRule_expectedSizeGreaterThanAdjustedWidth(com.deque.axe.android.rules.hierarchy.TouchSizeWcagTest)" classname="com.deque.axe.android.rules.hierarchy.TouchSizeWcagTest" time="0.003"/>
  <testcase name="toHex_Black on toHex_Black(com.deque.axe.android.wrappers.AxeColorTest)" classname="com.deque.axe.android.wrappers.AxeColorTest" time="0"/>
  <testcase name="toHex_White on toHex_White(com.deque.axe.android.wrappers.AxeColorTest)" classname="com.deque.axe.android.wrappers.AxeColorTest" time="0"/>
  <testcase name="compareTo_different on compareTo_different(com.deque.axe.android.wrappers.AxeColorTest)" classname="com.deque.axe.android.wrappers.AxeColorTest" time="0"/>
  <testcase name="compareTo_same on compareTo_same(com.deque.axe.android.wrappers.AxeColorTest)" classname="com.deque.axe.android.wrappers.AxeColorTest" time="0.001"/>
  <testcase name="toHex_Random on toHex_Random(com.deque.axe.android.wrappers.AxeColorTest)" classname="com.deque.axe.android.wrappers.AxeColorTest" time="0"/>
  <testcase name="test_NonOrigin on test_NonOrigin(com.deque.axe.android.wrappers.AxeRectTest)" classname="com.deque.axe.android.wrappers.AxeRectTest" time="0.001"/>
  <testcase name="binaryRowSearch on binaryRowSearch(com.deque.axe.android.wrappers.AxeRectTest)" classname="com.deque.axe.android.wrappers.AxeRectTest" time="0.009"/>
  <testcase name="test_EqualityCheck on test_EqualityCheck(com.deque.axe.android.wrappers.AxeRectTest)" classname="com.deque.axe.android.wrappers.AxeRectTest" time="0"/>
  <testcase name="testEqualityTest on testEqualityTest(com.deque.axe.android.wrappers.AxeRectTest)" classname="com.deque.axe.android.wrappers.AxeRectTest" time="0"/>
</testsuite>