<?xml version="1.0" encoding="UTF-8"?>
<!-- Generated by org.testng.reporters.JUnitReportReporter -->
<testsuite hostname="nb-hdu" failures="0" tests="1" name="com.deque.axe.android.AxeResultTest" time="0.002" errors="0" timestamp="2024-01-10T23:52:06 CET" skipped="0">
  <testcase classname="com.deque.axe.android.AxeResultTest" name="test_QueryOnlyViolations" time="0.002"/>
</testsuite> <!-- com.deque.axe.android.AxeResultTest -->
