<?xml version="1.0" encoding="UTF-8"?>
<!-- Generated by org.testng.reporters.JUnitReportReporter -->
<testsuite hostname="nb-hdu" failures="0" tests="7" name="com.deque.axe.android.rules.hierarchy.ActiveViewNameTest" time="19.388" errors="0" timestamp="2024-01-10T23:52:06 CET" skipped="0">
  <testcase classname="com.deque.axe.android.rules.hierarchy.ActiveViewNameTest" name="speakableTextEmpty_runRule" time="2.762"/>
  <testcase classname="com.deque.axe.android.rules.hierarchy.ActiveViewNameTest" name="isApplicable_classNameIsCheckBox" time="2.769"/>
  <testcase classname="com.deque.axe.android.rules.hierarchy.ActiveViewNameTest" name="isApplicable_classNameIsButton" time="2.778"/>
  <testcase classname="com.deque.axe.android.rules.hierarchy.ActiveViewNameTest" name="isApplicable_classNameIsSwitch" time="2.765"/>
  <testcase classname="com.deque.axe.android.rules.hierarchy.ActiveViewNameTest" name="isApplicable_overridesAccessibilityDelegate_returnsFalse" time="2.772"/>
  <testcase classname="com.deque.axe.android.rules.hierarchy.ActiveViewNameTest" name="runRule" time="2.775"/>
  <testcase classname="com.deque.axe.android.rules.hierarchy.ActiveViewNameTest" name="viewNotClickable_runRule" time="2.767"/>
</testsuite> <!-- com.deque.axe.android.rules.hierarchy.ActiveViewNameTest -->
