<?xml version="1.0" encoding="UTF-8"?>
<!-- Generated by org.testng.reporters.JUnitReportReporter -->
<testsuite hostname="nb-hdu" failures="0" tests="11" name="com.deque.axe.android.AxeTest" time="18.607" errors="0" timestamp="2024-01-10T23:52:06 CET" skipped="0">
  <testcase classname="com.deque.axe.android.AxeTest" name="testIgnoreMultipleRules" time="0.930"/>
  <testcase classname="com.deque.axe.android.AxeTest" name="testOneStandardAndOneRule" time="2.170"/>
  <testcase classname="com.deque.axe.android.AxeTest" name="testRun" time="0.955"/>
  <testcase classname="com.deque.axe.android.AxeTest" name="axeMetaDataJsonTest" time="2.158"/>
  <testcase classname="com.deque.axe.android.AxeTest" name="testThrownException" time="2.169"/>
  <testcase classname="com.deque.axe.android.AxeTest" name="jsonAxeRuleResultTestSpecs" time="2.055"/>
  <testcase classname="com.deque.axe.android.AxeTest" name="axeViewJsonTest" time="0.732"/>
  <testcase classname="com.deque.axe.android.AxeTest" name="tesAxeConf" time="2.170"/>
  <testcase classname="com.deque.axe.android.AxeTest" name="testDefaultConfig" time="0.929"/>
  <testcase classname="com.deque.axe.android.AxeTest" name="testIgnoreRule" time="2.169"/>
  <testcase classname="com.deque.axe.android.AxeTest" name="testRuleSize" time="2.170"/>
</testsuite> <!-- com.deque.axe.android.AxeTest -->
