<?xml version="1.0" encoding="UTF-8"?>
<!-- Generated by org.testng.reporters.JUnitReportReporter -->
<testsuite hostname="nb-hdu" failures="0" tests="10" name="com.deque.axe.android.ColorContrastTests" time="18.812" errors="0" timestamp="2024-01-10T23:52:06 CET" skipped="0">
  <testcase classname="com.deque.axe.android.ColorContrastTests" name="imageTest_textWithIcon" time="0.300"/>
  <testcase classname="com.deque.axe.android.ColorContrastTests" name="example_withActualTextColor_ManualTestingRequired" time="0.135"/>
  <testcase classname="com.deque.axe.android.ColorContrastTests" name="imageTest_intellijCaptureHard" time="4.307"/>
  <testcase classname="com.deque.axe.android.ColorContrastTests" name="example_Accessible" time="0.335"/>
  <testcase classname="com.deque.axe.android.ColorContrastTests" name="imageTest_largeWhiteTextBlueBackground" time="0.285"/>
  <testcase classname="com.deque.axe.android.ColorContrastTests" name="example_Inaccessible" time="0.251"/>
  <testcase classname="com.deque.axe.android.ColorContrastTests" name="imageTest_intellijCapture" time="0.182"/>
  <testcase classname="com.deque.axe.android.ColorContrastTests" name="example_ManualTestingRequired" time="4.391"/>
  <testcase classname="com.deque.axe.android.ColorContrastTests" name="imageTest_textOnlyAtTop" time="4.212"/>
  <testcase classname="com.deque.axe.android.ColorContrastTests" name="imageTest_whiteTextBlueBackground" time="4.414"/>
</testsuite> <!-- com.deque.axe.android.ColorContrastTests -->
