<?xml version="1.0" encoding="UTF-8"?>
<!-- Generated by org.testng.reporters.JUnitReportReporter -->
<testsuite hostname="nb-hdu" failures="0" tests="5" name="com.deque.axe.android.rules.hierarchy.SwitchNameTest" time="0.025" errors="0" timestamp="2024-01-10T23:52:06 CET" skipped="0">
  <testcase classname="com.deque.axe.android.rules.hierarchy.SwitchNameTest" name="visibleTextNotEmpty_labelNotEmpty_runRule" time="0.009"/>
  <testcase classname="com.deque.axe.android.rules.hierarchy.SwitchNameTest" name="overRidesAccessibilityDelegate_returnsFalse" time="0.003"/>
  <testcase classname="com.deque.axe.android.rules.hierarchy.SwitchNameTest" name="visibleTextNotEmpty_labelEmpty_runRule" time="0.005"/>
  <testcase classname="com.deque.axe.android.rules.hierarchy.SwitchNameTest" name="visibleTextEmpty_labelIsEmpty_runRule" time="0.002"/>
  <testcase classname="com.deque.axe.android.rules.hierarchy.SwitchNameTest" name="visibleTextEmpty_labelNotEmpty_runRule" time="0.006"/>
</testsuite> <!-- com.deque.axe.android.rules.hierarchy.SwitchNameTest -->
