<?xml version="1.0" encoding="UTF-8"?>
<!-- Generated by org.testng.reporters.JUnitReportReporter -->
<testsuite hostname="nb-hdu" failures="0" tests="3" name="com.deque.axe.android.rules.hierarchy.EditTextNameTest" time="0.011" errors="0" timestamp="2024-01-10T23:52:06 CET" skipped="0">
  <testcase classname="com.deque.axe.android.rules.hierarchy.EditTextNameTest" name="labelIsEmpty_runRule" time="0.004"/>
  <testcase classname="com.deque.axe.android.rules.hierarchy.EditTextNameTest" name="labelIsNotNullOrEmpty_runRule" time="0.004"/>
  <testcase classname="com.deque.axe.android.rules.hierarchy.EditTextNameTest" name="overRidesAccessibilityDelegate_returnsFalse" time="0.003"/>
</testsuite> <!-- com.deque.axe.android.rules.hierarchy.EditTextNameTest -->
