<?xml version="1.0" encoding="UTF-8"?>
<!-- Generated by org.testng.reporters.JUnitReportReporter -->
<testsuite hostname="nb-hdu" failures="0" tests="7" name="com.deque.axe.android.rules.hierarchy.TouchSizeWcagTest" time="0.458" errors="0" timestamp="2024-01-10T23:52:06 CET" skipped="0">
  <testcase classname="com.deque.axe.android.rules.hierarchy.TouchSizeWcagTest" name="runRule_expectedSizeLessThanAdjustedHeightAndExpectedSizeLessThanAdjustedWidth" time="0.056"/>
  <testcase classname="com.deque.axe.android.rules.hierarchy.TouchSizeWcagTest" name="runRule_isOffScreen" time="0.072"/>
  <testcase classname="com.deque.axe.android.rules.hierarchy.TouchSizeWcagTest" name="runRule_expectedSizeGreaterThanAdjustedHeight" time="0.065"/>
  <testcase classname="com.deque.axe.android.rules.hierarchy.TouchSizeWcagTest" name="overRidesAccessibilityDelegate_returnsFalse" time="0.059"/>
  <testcase classname="com.deque.axe.android.rules.hierarchy.TouchSizeWcagTest" name="runRule_isRendered" time="0.069"/>
  <testcase classname="com.deque.axe.android.rules.hierarchy.TouchSizeWcagTest" name="runRule_expectedSizeGreaterThanAdjustedWidth" time="0.075"/>
  <testcase classname="com.deque.axe.android.rules.hierarchy.TouchSizeWcagTest" name="runRule_isPartiallyVisible" time="0.062"/>
</testsuite> <!-- com.deque.axe.android.rules.hierarchy.TouchSizeWcagTest -->
