<?xml version="1.0" encoding="UTF-8"?>
<!-- Generated by org.testng.reporters.JUnitReportReporter -->
<testsuite hostname="nb-hdu" failures="0" tests="5" name="com.deque.axe.android.rules.hierarchy.CheckBoxNameTest" time="0.062" errors="0" timestamp="2024-01-10T23:52:06 CET" skipped="0">
  <testcase classname="com.deque.axe.android.rules.hierarchy.CheckBoxNameTest" name="visibleTextNotEmpty_labelEmpty_runRule" time="0.010"/>
  <testcase classname="com.deque.axe.android.rules.hierarchy.CheckBoxNameTest" name="visibleTextEmpty_labelNotEmpty_runRule" time="0.019"/>
  <testcase classname="com.deque.axe.android.rules.hierarchy.CheckBoxNameTest" name="visibleTextEmpty_labelIsEmpty_runRule" time="0.004"/>
  <testcase classname="com.deque.axe.android.rules.hierarchy.CheckBoxNameTest" name="overRidesAccessibilityDelegate_returnsFalse" time="0.007"/>
  <testcase classname="com.deque.axe.android.rules.hierarchy.CheckBoxNameTest" name="visibleTextNotEmpty_labelNotEmpty_runRule" time="0.022"/>
</testsuite> <!-- com.deque.axe.android.rules.hierarchy.CheckBoxNameTest -->
