<?xml version="1.0" encoding="UTF-8"?>
<!-- Generated by org.testng.reporters.JUnitReportReporter -->
<testsuite hostname="nb-hdu" failures="0" tests="17" name="com.deque.axe.android.AxeViewTest" time="0.630" errors="0" timestamp="2024-01-10T23:52:06 CET" skipped="0">
  <testcase classname="com.deque.axe.android.AxeViewTest" name="isOffScreen_viewOutOfScreen_returnsTrue" time="0.050"/>
  <testcase classname="com.deque.axe.android.AxeViewTest" name="screenTitle_noContentView" time="0.030"/>
  <testcase classname="com.deque.axe.android.AxeViewTest" name="calculateProps_switch" time="0.028"/>
  <testcase classname="com.deque.axe.android.AxeViewTest" name="isNotRendered" time="0.030"/>
  <testcase classname="com.deque.axe.android.AxeViewTest" name="isOffScreen_viewInsideScreen_returnsFalse" time="0.030"/>
  <testcase classname="com.deque.axe.android.AxeViewTest" name="calculateProps_editText" time="0.050"/>
  <testcase classname="com.deque.axe.android.AxeViewTest" name="calculateProps_offScreenAndObscuredAxeView" time="0.030"/>
  <testcase classname="com.deque.axe.android.AxeViewTest" name="screenTitle_basic" time="0.028"/>
  <testcase classname="com.deque.axe.android.AxeViewTest" name="calculateProps_noContentDescription_editText" time="0.050"/>
  <testcase classname="com.deque.axe.android.AxeViewTest" name="calculatedProps_ImageView" time="0.029"/>
  <testcase classname="com.deque.axe.android.AxeViewTest" name="isRendered" time="0.030"/>
  <testcase classname="com.deque.axe.android.AxeViewTest" name="calculateProps_obscuredAxeView" time="0.052"/>
  <testcase classname="com.deque.axe.android.AxeViewTest" name="query" time="0.032"/>
  <testcase classname="com.deque.axe.android.AxeViewTest" name="isOffScreen_viewInScreen_returnsFalse" time="0.030"/>
  <testcase classname="com.deque.axe.android.AxeViewTest" name="calculateProps_Button" time="0.050"/>
  <testcase classname="com.deque.axe.android.AxeViewTest" name="calculateProps_offScreenAxeView" time="0.030"/>
  <testcase classname="com.deque.axe.android.AxeViewTest" name="isPartiallyVisible_buttonIsNotOffScreen_returnsFalse" time="0.051"/>
</testsuite> <!-- com.deque.axe.android.AxeViewTest -->
