<?xml version="1.0" encoding="UTF-8"?>
<!-- Generated by org.testng.reporters.JUnitReportReporter -->
<testsuite hostname="nb-hdu" failures="0" tests="5" name="com.deque.axe.android.wrappers.AxeColorTest" time="0.005" errors="0" timestamp="2024-01-10T23:52:06 CET" skipped="0">
  <testcase classname="com.deque.axe.android.wrappers.AxeColorTest" name="toHex_Random" time="0.001"/>
  <testcase classname="com.deque.axe.android.wrappers.AxeColorTest" name="compareTo_same" time="0.001"/>
  <testcase classname="com.deque.axe.android.wrappers.AxeColorTest" name="toHex_Black" time="0.001"/>
  <testcase classname="com.deque.axe.android.wrappers.AxeColorTest" name="toHex_White" time="0.001"/>
  <testcase classname="com.deque.axe.android.wrappers.AxeColorTest" name="compareTo_different" time="0.001"/>
</testsuite> <!-- com.deque.axe.android.wrappers.AxeColorTest -->
