<?xml version="1.0" encoding="UTF-8"?>
<!-- Generated by org.testng.reporters.JUnitReportReporter -->
<testsuite hostname="nb-hdu" failures="0" tests="6" name="com.deque.axe.android.rules.hierarchy.ImageViewNameTest" time="0.036" errors="0" timestamp="2024-01-10T23:52:06 CET" skipped="0">
  <testcase classname="com.deque.axe.android.rules.hierarchy.ImageViewNameTest" name="switchClass_isApplicable" time="0.009"/>
  <testcase classname="com.deque.axe.android.rules.hierarchy.ImageViewNameTest" name="isNotImportantForAccessibility_runRule" time="0.005"/>
  <testcase classname="com.deque.axe.android.rules.hierarchy.ImageViewNameTest" name="isImportantForAccessibilityNonEmptyContentDesc_runRule" time="0.007"/>
  <testcase classname="com.deque.axe.android.rules.hierarchy.ImageViewNameTest" name="imageViewClass_overridesAccessibilityDelegate_notApplicable" time="0.003"/>
  <testcase classname="com.deque.axe.android.rules.hierarchy.ImageViewNameTest" name="isImportantForAccessibilityEmptyContentDesc_runRule" time="0.008"/>
  <testcase classname="com.deque.axe.android.rules.hierarchy.ImageViewNameTest" name="imageViewClass_isApplicable" time="0.004"/>
</testsuite> <!-- com.deque.axe.android.rules.hierarchy.ImageViewNameTest -->
