<?xml version="1.0" encoding="UTF-8"?>
<!-- Generated by org.testng.reporters.JUnitReportReporter -->
<testsuite hostname="nb-hdu" failures="0" tests="6" name="com.deque.axe.android.rules.hierarchy.EditTextValueTest" time="0.050" errors="0" timestamp="2024-01-10T23:52:06 CET" skipped="0">
  <testcase classname="com.deque.axe.android.rules.hierarchy.EditTextValueTest" name="editTextClass_isApplicable" time="0.007"/>
  <testcase classname="com.deque.axe.android.rules.hierarchy.EditTextValueTest" name="overRidesAccessibilityDelegate_returnsFalse" time="0.004"/>
  <testcase classname="com.deque.axe.android.rules.hierarchy.EditTextValueTest" name="emptyContentDescription_runRule" time="0.006"/>
  <testcase classname="com.deque.axe.android.rules.hierarchy.EditTextValueTest" name="editTextClass_overridesAccessibilityDelegate_notApplicable" time="0.010"/>
  <testcase classname="com.deque.axe.android.rules.hierarchy.EditTextValueTest" name="switchClass_isApplicable" time="0.011"/>
  <testcase classname="com.deque.axe.android.rules.hierarchy.EditTextValueTest" name="nonEmptyContentDescription_runRule" time="0.012"/>
</testsuite> <!-- com.deque.axe.android.rules.hierarchy.EditTextValueTest -->
