<?xml version="1.0" encoding="UTF-8"?>
<!-- Generated by org.testng.reporters.JUnitReportReporter -->
<testsuite hostname="nb-hdu" failures="0" tests="4" name="com.deque.axe.android.wrappers.AxeRectTest" time="0.032" errors="0" timestamp="2024-01-10T23:52:06 CET" skipped="0">
  <testcase classname="com.deque.axe.android.wrappers.AxeRectTest" name="test_NonOrigin" time="0.002"/>
  <testcase classname="com.deque.axe.android.wrappers.AxeRectTest" name="testEqualityTest" time="0.010"/>
  <testcase classname="com.deque.axe.android.wrappers.AxeRectTest" name="test_EqualityCheck" time="0.010"/>
  <testcase classname="com.deque.axe.android.wrappers.AxeRectTest" name="binaryRowSearch" time="0.010"/>
</testsuite> <!-- com.deque.axe.android.wrappers.AxeRectTest -->
