<?xml version="1.0" encoding="UTF-8"?>
<!-- Generated by org.testng.reporters.JUnitReportReporter -->
<testsuite hostname="nb-hdu" failures="0" tests="1" name="hdespresso.AccessibilityTest" time="1.532" errors="0" timestamp="2024-01-13T17:46:40 CET" skipped="0">
  <testcase classname="hdespresso.AccessibilityTest" name="accessibilityTest" time="1.532"/>
</testsuite> <!-- hdespresso.AccessibilityTest -->
