<?xml version="1.0" encoding="UTF-8"?>
<!-- Generated by org.testng.reporters.JUnitReportReporter -->
<testsuite hostname="nb-hdu" failures="0" tests="1" name="hdespresso.AccessibilityTest4" time="2.437" errors="0" timestamp="2024-01-14T17:55:22 CET" skipped="0">
  <testcase classname="hdespresso.AccessibilityTest4" name="accessibilityTest" time="2.437"/>
</testsuite> <!-- hdespresso.AccessibilityTest4 -->
